[debug] [2024-09-10T07:37:10.961Z] ----------------------------------------------------------------------
[debug] [2024-09-10T07:37:10.962Z] Command:       /usr/local/bin/node /usr/local/bin/firebase init hosting
[debug] [2024-09-10T07:37:10.962Z] CLI Version:   13.0.2
[debug] [2024-09-10T07:37:10.962Z] Platform:      darwin
[debug] [2024-09-10T07:37:10.962Z] Node Version:  v20.10.0
[debug] [2024-09-10T07:37:10.962Z] Time:          Tue Sep 10 2024 13:07:10 GMT+0530 (India Standard Time)
[debug] [2024-09-10T07:37:10.963Z] ----------------------------------------------------------------------
[debug] 
[debug] [2024-09-10T07:37:10.964Z] >>> [apiv2][query] GET https://firebase-public.firebaseio.com/cli.json [none]
[debug] [2024-09-10T07:37:10.988Z] > command requires scopes: ["email","openid","https://www.googleapis.com/auth/cloudplatformprojects.readonly","https://www.googleapis.com/auth/firebase","https://www.googleapis.com/auth/cloud-platform"]
[debug] [2024-09-10T07:37:10.988Z] > authorizing via signed-in user (ronitjaiprakash2525@gmail.com)
[info] 
     ######## #### ########  ######## ########     ###     ######  ########
     ##        ##  ##     ## ##       ##     ##  ##   ##  ##       ##
     ######    ##  ########  ######   ########  #########  ######  ######
     ##        ##  ##    ##  ##       ##     ## ##     ##       ## ##
     ##       #### ##     ## ######## ########  ##     ##  ######  ########

You're about to initialize a Firebase project in this directory:

  /Users/ronitjaipraash/Desktop/Dev Work/west-can-auto-parts

[info] 
=== Project Setup
[info] 
[info] First, let's associate this project directory with a Firebase project.
[info] You can create multiple project aliases by running firebase use --add, 
[info] but for now we'll just set up a default project.
[info] 
[debug] [2024-09-10T07:37:11.651Z] <<< [apiv2][status] GET https://firebase-public.firebaseio.com/cli.json 200
[debug] [2024-09-10T07:37:11.651Z] <<< [apiv2][body] GET https://firebase-public.firebaseio.com/cli.json {"cloudBuildErrorAfter":1594252800000,"cloudBuildWarnAfter":1590019200000,"defaultNode10After":1594252800000,"minVersion":"3.0.5","node8DeploysDisabledAfter":1613390400000,"node8RuntimeDisabledAfter":1615809600000,"node8WarnAfter":1600128000000}
